Flow report for Single_Cycle_CPU
Sun Apr 26 13:29:25 2026
Quartus II 64-Bit Version 13.0.1 Build 232 06/12/2013 Service Pack 1 SJ Web Edition


---------------------
; Table of Contents ;
---------------------
  1. Legal Notice
  2. Flow Summary
  3. Flow Settings
  4. Flow Non-Default Global Settings
  5. Flow Elapsed Time
  6. Flow OS Summary
  7. Flow Log
  8. Flow Messages
  9. Flow Suppressed Messages



----------------
; Legal Notice ;
----------------
Copyright (C) 1991-2013 Altera Corporation
Your use of Altera Corporation's design tools, logic functions 
and other software and tools, and its AMPP partner logic 
functions, and any output files from any of the foregoing 
(including device programming or simulation files), and any 
associated documentation or information are expressly subject 
to the terms and conditions of the Altera Program License 
Subscription Agreement, Altera MegaCore Function License 
Agreement, or other applicable license agreement, including, 
without limitation, that your use is for the sole purpose of 
programming logic devices manufactured by Altera and sold by 
Altera or its authorized distributors.  Please refer to the 
applicable agreement for further details.



+--------------------------------------------------------------------------------------+
; Flow Summary                                                                         ;
+------------------------------------+-------------------------------------------------+
; Flow Status                        ; Successful - Sun Apr 26 13:29:25 2026           ;
; Quartus II 64-Bit Version          ; 13.0.1 Build 232 06/12/2013 SP 1 SJ Web Edition ;
; Revision Name                      ; Single_Cycle_CPU                                ;
; Top-level Entity Name              ; Single_Cycle_ARM_CPU                            ;
; Family                             ; Cyclone III                                     ;
; Device                             ; EP3C16F484C6                                    ;
; Timing Models                      ; Final                                           ;
; Total logic elements               ; 2,831 / 15,408 ( 18 % )                         ;
;     Total combinational functions  ; 2,585 / 15,408 ( 17 % )                         ;
;     Dedicated logic registers      ; 513 / 15,408 ( 3 % )                            ;
; Total registers                    ; 513                                             ;
; Total pins                         ; 36 / 347 ( 10 % )                               ;
; Total virtual pins                 ; 0                                               ;
; Total memory bits                  ; 4,096 / 516,096 ( < 1 % )                       ;
; Embedded Multiplier 9-bit elements ; 0 / 112 ( 0 % )                                 ;
; Total PLLs                         ; 0 / 4 ( 0 % )                                   ;
+------------------------------------+-------------------------------------------------+


+-----------------------------------------+
; Flow Settings                           ;
+-------------------+---------------------+
; Option            ; Setting             ;
+-------------------+---------------------+
; Start date & time ; 04/26/2026 13:28:06 ;
; Main task         ; Compilation         ;
; Revision Name     ; Single_Cycle_CPU    ;
+-------------------+---------------------+


+------------------------------------------------------------------------------------------------------------------------------------------------+
; Flow Non-Default Global Settings                                                                                                               ;
+--------------------------------------+---------------------------------------+------------------+----------------------+-----------------------+
; Assignment Name                      ; Value                                 ; Default Value    ; Entity Name          ; Section Id            ;
+--------------------------------------+---------------------------------------+------------------+----------------------+-----------------------+
; COMPILER_SIGNATURE_ID                ; 198642185971508.177719928619240       ; --               ; --                   ; --                    ;
; CYCLONEII_OPTIMIZATION_TECHNIQUE     ; Speed                                 ; Balanced         ; --                   ; --                    ;
; EDA_DESIGN_INSTANCE_NAME             ; NA                                    ; --               ; --                   ; CPU_tb                ;
; EDA_DESIGN_INSTANCE_NAME             ; NA                                    ; --               ; --                   ; controller_tb         ;
; EDA_DESIGN_INSTANCE_NAME             ; NA                                    ; --               ; --                   ; instruction_memory_tb ;
; EDA_NATIVELINK_SIMULATION_TEST_BENCH ; CPU_tb                                ; --               ; --                   ; eda_simulation        ;
; EDA_OUTPUT_DATA_FORMAT               ; Verilog Hdl                           ; --               ; --                   ; eda_simulation        ;
; EDA_SIMULATION_TOOL                  ; ModelSim-Altera (Verilog)             ; <None>           ; --                   ; --                    ;
; EDA_TEST_BENCH_ENABLE_STATUS         ; TEST_BENCH_MODE                       ; --               ; --                   ; eda_simulation        ;
; EDA_TEST_BENCH_FILE                  ; CPU_tb.v                              ; --               ; --                   ; CPU_tb                ;
; EDA_TEST_BENCH_FILE                  ; controller_tb.v                       ; --               ; --                   ; controller_tb         ;
; EDA_TEST_BENCH_FILE                  ; instruction_memory_tb.v               ; --               ; --                   ; instruction_memory_tb ;
; EDA_TEST_BENCH_MODULE_NAME           ; CPU_tb                                ; --               ; --                   ; CPU_tb                ;
; EDA_TEST_BENCH_MODULE_NAME           ; controller_tb                         ; --               ; --                   ; controller_tb         ;
; EDA_TEST_BENCH_MODULE_NAME           ; instruction_memory_tb                 ; --               ; --                   ; instruction_memory_tb ;
; EDA_TEST_BENCH_NAME                  ; CPU_tb                                ; --               ; --                   ; eda_simulation        ;
; EDA_TEST_BENCH_NAME                  ; controller_tb                         ; --               ; --                   ; eda_simulation        ;
; EDA_TEST_BENCH_NAME                  ; instruction_memory_tb                 ; --               ; --                   ; eda_simulation        ;
; EDA_TIME_SCALE                       ; 1 ps                                  ; --               ; --                   ; eda_simulation        ;
; MAX_CORE_JUNCTION_TEMP               ; 85                                    ; --               ; --                   ; --                    ;
; MIN_CORE_JUNCTION_TEMP               ; 0                                     ; --               ; --                   ; --                    ;
; PARTITION_COLOR                      ; 16764057                              ; --               ; Single_Cycle_ARM_CPU ; Top                   ;
; PARTITION_FITTER_PRESERVATION_LEVEL  ; PLACEMENT_AND_ROUTING                 ; --               ; Single_Cycle_ARM_CPU ; Top                   ;
; PARTITION_NETLIST_TYPE               ; SOURCE                                ; --               ; Single_Cycle_ARM_CPU ; Top                   ;
; POWER_BOARD_THERMAL_MODEL            ; None (CONSERVATIVE)                   ; --               ; --                   ; --                    ;
; POWER_PRESET_COOLING_SOLUTION        ; 23 MM HEAT SINK WITH 200 LFPM AIRFLOW ; --               ; --                   ; --                    ;
; PROJECT_OUTPUT_DIRECTORY             ; output_files                          ; --               ; --                   ; --                    ;
; TOP_LEVEL_ENTITY                     ; Single_Cycle_ARM_CPU                  ; Single_Cycle_CPU ; --                   ; --                    ;
+--------------------------------------+---------------------------------------+------------------+----------------------+-----------------------+


+-------------------------------------------------------------------------------------------------------------------------------+
; Flow Elapsed Time                                                                                                             ;
+---------------------------+--------------+-------------------------+---------------------+------------------------------------+
; Module Name               ; Elapsed Time ; Average Processors Used ; Peak Virtual Memory ; Total CPU Time (on all processors) ;
+---------------------------+--------------+-------------------------+---------------------+------------------------------------+
; Analysis & Synthesis      ; 00:00:15     ; 1.0                     ; 4616 MB             ; 00:00:13                           ;
; Fitter                    ; 00:00:38     ; 1.0                     ; 4927 MB             ; 00:00:36                           ;
; Assembler                 ; 00:00:02     ; 1.0                     ; 4557 MB             ; 00:00:02                           ;
; TimeQuest Timing Analyzer ; 00:00:14     ; 1.0                     ; 4638 MB             ; 00:00:13                           ;
; EDA Netlist Writer        ; 00:00:05     ; 1.0                     ; 4552 MB             ; 00:00:04                           ;
; Total                     ; 00:01:14     ; --                      ; --                  ; 00:01:08                           ;
+---------------------------+--------------+-------------------------+---------------------+------------------------------------+


+----------------------------------------------------------------------------------------+
; Flow OS Summary                                                                        ;
+---------------------------+------------------+-----------+------------+----------------+
; Module Name               ; Machine Hostname ; OS Name   ; OS Version ; Processor type ;
+---------------------------+------------------+-----------+------------+----------------+
; Analysis & Synthesis      ; DESKTOP-6APEMHM  ; Windows 7 ; 6.2        ; x86_64         ;
; Fitter                    ; DESKTOP-6APEMHM  ; Windows 7 ; 6.2        ; x86_64         ;
; Assembler                 ; DESKTOP-6APEMHM  ; Windows 7 ; 6.2        ; x86_64         ;
; TimeQuest Timing Analyzer ; DESKTOP-6APEMHM  ; Windows 7 ; 6.2        ; x86_64         ;
; EDA Netlist Writer        ; DESKTOP-6APEMHM  ; Windows 7 ; 6.2        ; x86_64         ;
+---------------------------+------------------+-----------+------------+----------------+


------------
; Flow Log ;
------------
quartus_map --read_settings_files=on --write_settings_files=off Single_Cycle_CPU -c Single_Cycle_CPU
quartus_fit --read_settings_files=off --write_settings_files=off Single_Cycle_CPU -c Single_Cycle_CPU
quartus_asm --read_settings_files=off --write_settings_files=off Single_Cycle_CPU -c Single_Cycle_CPU
quartus_sta Single_Cycle_CPU -c Single_Cycle_CPU
quartus_eda --read_settings_files=off --write_settings_files=off Single_Cycle_CPU -c Single_Cycle_CPU



